2014-08-13 18:58:02,688 [Recommenders-Timeout-Manager] ERROR o.e.r.i.rcp.JavaElementSelections - Failed to resolve selection in '=TestProj/src<BIG_D{MyClass.java' at offset 0
org.eclipse.jdt.core.JavaModelException: BIG_D [in src [in TestProj]] does not exist
	at org.eclipse.jdt.internal.core.JavaElement.newJavaModelException(JavaElement.java:544) ~[org.eclipse.jdt.core_3.10.0.v20140604-1726.jar:na]
	at org.eclipse.jdt.internal.core.Openable.generateInfos(Openable.java:247) ~[org.eclipse.jdt.core_3.10.0.v20140604-1726.jar:na]
	at org.eclipse.jdt.internal.core.Openable.openAncestors(Openable.java:505) ~[org.eclipse.jdt.core_3.10.0.v20140604-1726.jar:na]
	at org.eclipse.jdt.internal.core.CompilationUnit.openAncestors(CompilationUnit.java:1173) ~[org.eclipse.jdt.core_3.10.0.v20140604-1726.jar:na]
	at org.eclipse.jdt.internal.core.Openable.generateInfos(Openable.java:241) ~[org.eclipse.jdt.core_3.10.0.v20140604-1726.jar:na]
	at org.eclipse.jdt.internal.core.JavaElement.openWhenClosed(JavaElement.java:557) ~[org.eclipse.jdt.core_3.10.0.v20140604-1726.jar:na]
	at org.eclipse.jdt.internal.core.JavaElement.getElementInfo(JavaElement.java:294) ~[org.eclipse.jdt.core_3.10.0.v20140604-1726.jar:na]
	at org.eclipse.jdt.internal.core.JavaElement.getElementInfo(JavaElement.java:280) ~[org.eclipse.jdt.core_3.10.0.v20140604-1726.jar:na]
	at org.eclipse.jdt.internal.core.Openable.getBuffer(Openable.java:285) ~[org.eclipse.jdt.core_3.10.0.v20140604-1726.jar:na]
	at org.eclipse.jdt.internal.core.Openable.codeSelect(Openable.java:152) ~[org.eclipse.jdt.core_3.10.0.v20140604-1726.jar:na]
	at org.eclipse.jdt.internal.core.CompilationUnit.codeSelect(CompilationUnit.java:377) ~[org.eclipse.jdt.core_3.10.0.v20140604-1726.jar:na]
	at org.eclipse.jdt.internal.core.CompilationUnit.codeSelect(CompilationUnit.java:371) ~[org.eclipse.jdt.core_3.10.0.v20140604-1726.jar:na]
	at org.eclipse.recommenders.internal.rcp.JavaElementSelections.resolveJavaElementFromTypeRootInEditor(JavaElementSelections.java:146) [org.eclipse.recommenders.rcp_2.1.0.v20140610-1852.jar:na]
	at org.eclipse.recommenders.internal.rcp.JavaElementSelections.resolveJavaElementFromEditor(JavaElementSelections.java:128) [org.eclipse.recommenders.rcp_2.1.0.v20140610-1852.jar:na]
	at org.eclipse.recommenders.internal.rcp.JavaElementSelections.resolveJavaElementFromEditor(JavaElementSelections.java:111) [org.eclipse.recommenders.rcp_2.1.0.v20140610-1852.jar:na]
	at org.eclipse.recommenders.internal.rcp.JavaElementSelectionService.handleSelectionInEditor(JavaElementSelectionService.java:108) [org.eclipse.recommenders.rcp_2.1.0.v20140610-1852.jar:na]
	at org.eclipse.recommenders.internal.rcp.JavaElementSelectionService.access$1(JavaElementSelectionService.java:105) [org.eclipse.recommenders.rcp_2.1.0.v20140610-1852.jar:na]
	at org.eclipse.recommenders.internal.rcp.JavaElementSelectionService$1.run(JavaElementSelectionService.java:82) [org.eclipse.recommenders.rcp_2.1.0.v20140610-1852.jar:na]
	at java.util.concurrent.Executors$RunnableAdapter.call(Unknown Source) [na:1.8.0_11]
	at java.util.concurrent.FutureTask.run(Unknown Source) [na:1.8.0_11]
	at java.util.concurrent.ScheduledThreadPoolExecutor$ScheduledFutureTask.access$201(Unknown Source) [na:1.8.0_11]
	at java.util.concurrent.ScheduledThreadPoolExecutor$ScheduledFutureTask.run(Unknown Source) [na:1.8.0_11]
	at java.util.concurrent.ThreadPoolExecutor.runWorker(Unknown Source) [na:1.8.0_11]
	at java.util.concurrent.ThreadPoolExecutor$Worker.run(Unknown Source) [na:1.8.0_11]
	at java.lang.Thread.run(Unknown Source) [na:1.8.0_11]
2014-08-13 19:07:21,841 [Recommenders-Timeout-Manager] ERROR o.e.r.i.rcp.JavaElementSelections - Failed to resolve selection in '=TestProj/src<BIG_D{MyClass.java' at offset 0
org.eclipse.jdt.core.JavaModelException: BIG_D [in src [in TestProj]] does not exist
	at org.eclipse.jdt.internal.core.JavaElement.newJavaModelException(JavaElement.java:544) ~[org.eclipse.jdt.core_3.10.0.v20140604-1726.jar:na]
	at org.eclipse.jdt.internal.core.Openable.generateInfos(Openable.java:247) ~[org.eclipse.jdt.core_3.10.0.v20140604-1726.jar:na]
	at org.eclipse.jdt.internal.core.Openable.openAncestors(Openable.java:505) ~[org.eclipse.jdt.core_3.10.0.v20140604-1726.jar:na]
	at org.eclipse.jdt.internal.core.CompilationUnit.openAncestors(CompilationUnit.java:1173) ~[org.eclipse.jdt.core_3.10.0.v20140604-1726.jar:na]
	at org.eclipse.jdt.internal.core.Openable.generateInfos(Openable.java:241) ~[org.eclipse.jdt.core_3.10.0.v20140604-1726.jar:na]
	at org.eclipse.jdt.internal.core.JavaElement.openWhenClosed(JavaElement.java:557) ~[org.eclipse.jdt.core_3.10.0.v20140604-1726.jar:na]
	at org.eclipse.jdt.internal.core.JavaElement.getElementInfo(JavaElement.java:294) ~[org.eclipse.jdt.core_3.10.0.v20140604-1726.jar:na]
	at org.eclipse.jdt.internal.core.JavaElement.getElementInfo(JavaElement.java:280) ~[org.eclipse.jdt.core_3.10.0.v20140604-1726.jar:na]
	at org.eclipse.jdt.internal.core.Openable.getBuffer(Openable.java:285) ~[org.eclipse.jdt.core_3.10.0.v20140604-1726.jar:na]
	at org.eclipse.jdt.internal.core.Openable.codeSelect(Openable.java:152) ~[org.eclipse.jdt.core_3.10.0.v20140604-1726.jar:na]
	at org.eclipse.jdt.internal.core.CompilationUnit.codeSelect(CompilationUnit.java:377) ~[org.eclipse.jdt.core_3.10.0.v20140604-1726.jar:na]
	at org.eclipse.jdt.internal.core.CompilationUnit.codeSelect(CompilationUnit.java:371) ~[org.eclipse.jdt.core_3.10.0.v20140604-1726.jar:na]
	at org.eclipse.recommenders.internal.rcp.JavaElementSelections.resolveJavaElementFromTypeRootInEditor(JavaElementSelections.java:146) [org.eclipse.recommenders.rcp_2.1.0.v20140610-1852.jar:na]
	at org.eclipse.recommenders.internal.rcp.JavaElementSelections.resolveJavaElementFromEditor(JavaElementSelections.java:128) [org.eclipse.recommenders.rcp_2.1.0.v20140610-1852.jar:na]
	at org.eclipse.recommenders.internal.rcp.JavaElementSelections.resolveJavaElementFromEditor(JavaElementSelections.java:111) [org.eclipse.recommenders.rcp_2.1.0.v20140610-1852.jar:na]
	at org.eclipse.recommenders.internal.rcp.JavaElementSelectionService.handleSelectionInEditor(JavaElementSelectionService.java:108) [org.eclipse.recommenders.rcp_2.1.0.v20140610-1852.jar:na]
	at org.eclipse.recommenders.internal.rcp.JavaElementSelectionService.access$1(JavaElementSelectionService.java:105) [org.eclipse.recommenders.rcp_2.1.0.v20140610-1852.jar:na]
	at org.eclipse.recommenders.internal.rcp.JavaElementSelectionService$1.run(JavaElementSelectionService.java:82) [org.eclipse.recommenders.rcp_2.1.0.v20140610-1852.jar:na]
	at java.util.concurrent.Executors$RunnableAdapter.call(Unknown Source) [na:1.8.0_11]
	at java.util.concurrent.FutureTask.run(Unknown Source) [na:1.8.0_11]
	at java.util.concurrent.ScheduledThreadPoolExecutor$ScheduledFutureTask.access$201(Unknown Source) [na:1.8.0_11]
	at java.util.concurrent.ScheduledThreadPoolExecutor$ScheduledFutureTask.run(Unknown Source) [na:1.8.0_11]
	at java.util.concurrent.ThreadPoolExecutor.runWorker(Unknown Source) [na:1.8.0_11]
	at java.util.concurrent.ThreadPoolExecutor$Worker.run(Unknown Source) [na:1.8.0_11]
	at java.lang.Thread.run(Unknown Source) [na:1.8.0_11]
2014-08-13 19:07:22,382 [Recommenders-Timeout-Manager] ERROR o.e.r.i.rcp.JavaElementSelections - Failed to resolve selection in '=TestProj/src<BIG_D{MyClass.java' at offset 0
org.eclipse.jdt.core.JavaModelException: BIG_D [in src [in TestProj]] does not exist
	at org.eclipse.jdt.internal.core.JavaElement.newJavaModelException(JavaElement.java:544) ~[org.eclipse.jdt.core_3.10.0.v20140604-1726.jar:na]
	at org.eclipse.jdt.internal.core.Openable.generateInfos(Openable.java:247) ~[org.eclipse.jdt.core_3.10.0.v20140604-1726.jar:na]
	at org.eclipse.jdt.internal.core.Openable.openAncestors(Openable.java:505) ~[org.eclipse.jdt.core_3.10.0.v20140604-1726.jar:na]
	at org.eclipse.jdt.internal.core.CompilationUnit.openAncestors(CompilationUnit.java:1173) ~[org.eclipse.jdt.core_3.10.0.v20140604-1726.jar:na]
	at org.eclipse.jdt.internal.core.Openable.generateInfos(Openable.java:241) ~[org.eclipse.jdt.core_3.10.0.v20140604-1726.jar:na]
	at org.eclipse.jdt.internal.core.JavaElement.openWhenClosed(JavaElement.java:557) ~[org.eclipse.jdt.core_3.10.0.v20140604-1726.jar:na]
	at org.eclipse.jdt.internal.core.JavaElement.getElementInfo(JavaElement.java:294) ~[org.eclipse.jdt.core_3.10.0.v20140604-1726.jar:na]
	at org.eclipse.jdt.internal.core.JavaElement.getElementInfo(JavaElement.java:280) ~[org.eclipse.jdt.core_3.10.0.v20140604-1726.jar:na]
	at org.eclipse.jdt.internal.core.Openable.getBuffer(Openable.java:285) ~[org.eclipse.jdt.core_3.10.0.v20140604-1726.jar:na]
	at org.eclipse.jdt.internal.core.Openable.codeSelect(Openable.java:152) ~[org.eclipse.jdt.core_3.10.0.v20140604-1726.jar:na]
	at org.eclipse.jdt.internal.core.CompilationUnit.codeSelect(CompilationUnit.java:377) ~[org.eclipse.jdt.core_3.10.0.v20140604-1726.jar:na]
	at org.eclipse.jdt.internal.core.CompilationUnit.codeSelect(CompilationUnit.java:371) ~[org.eclipse.jdt.core_3.10.0.v20140604-1726.jar:na]
	at org.eclipse.recommenders.internal.rcp.JavaElementSelections.resolveJavaElementFromTypeRootInEditor(JavaElementSelections.java:146) [org.eclipse.recommenders.rcp_2.1.0.v20140610-1852.jar:na]
	at org.eclipse.recommenders.internal.rcp.JavaElementSelections.resolveJavaElementFromEditor(JavaElementSelections.java:128) [org.eclipse.recommenders.rcp_2.1.0.v20140610-1852.jar:na]
	at org.eclipse.recommenders.internal.rcp.JavaElementSelections.resolveJavaElementFromEditor(JavaElementSelections.java:111) [org.eclipse.recommenders.rcp_2.1.0.v20140610-1852.jar:na]
	at org.eclipse.recommenders.internal.rcp.JavaElementSelectionService.handleSelectionInEditor(JavaElementSelectionService.java:108) [org.eclipse.recommenders.rcp_2.1.0.v20140610-1852.jar:na]
	at org.eclipse.recommenders.internal.rcp.JavaElementSelectionService.access$1(JavaElementSelectionService.java:105) [org.eclipse.recommenders.rcp_2.1.0.v20140610-1852.jar:na]
	at org.eclipse.recommenders.internal.rcp.JavaElementSelectionService$1.run(JavaElementSelectionService.java:82) [org.eclipse.recommenders.rcp_2.1.0.v20140610-1852.jar:na]
	at java.util.concurrent.Executors$RunnableAdapter.call(Unknown Source) [na:1.8.0_11]
	at java.util.concurrent.FutureTask.run(Unknown Source) [na:1.8.0_11]
	at java.util.concurrent.ScheduledThreadPoolExecutor$ScheduledFutureTask.access$201(Unknown Source) [na:1.8.0_11]
	at java.util.concurrent.ScheduledThreadPoolExecutor$ScheduledFutureTask.run(Unknown Source) [na:1.8.0_11]
	at java.util.concurrent.ThreadPoolExecutor.runWorker(Unknown Source) [na:1.8.0_11]
	at java.util.concurrent.ThreadPoolExecutor$Worker.run(Unknown Source) [na:1.8.0_11]
	at java.lang.Thread.run(Unknown Source) [na:1.8.0_11]
